<?xml version="1.0" encoding="UTF-8"?>
<!-- Generated by org.testng.reporters.JUnitReportReporter -->
<testsuite hostname="SLB-C6J0533" failures="0" tests="3" name="cucumberOptions.TestNGRunner" time="0.250" errors="0" timestamp="2024-12-15T14:29:42 IST" skipped="0">
  <testcase classname="cucumberOptions.TestNGRunner" name="runScenario" time="0.018"/>
  <testcase classname="cucumberOptions.TestNGRunner" name="runScenario" time="0.019"/>
  <testcase classname="cucumberOptions.TestNGRunner" name="runScenario" time="0.213"/>
</testsuite> <!-- cucumberOptions.TestNGRunner -->
