<?xml version="1.0" encoding="UTF-8"?>
<!-- Generated by org.testng.reporters.JUnitReportReporter -->
<testsuite hostname="SLB-C6J0533" failures="0" tests="2" name="cucumberOptions.TestNGRunner" time="0.240" errors="0" timestamp="2024-12-15T11:20:21 IST" skipped="0">
  <testcase classname="cucumberOptions.TestNGRunner" name="runScenario" time="0.225"/>
  <testcase classname="cucumberOptions.TestNGRunner" name="runScenario" time="0.015"/>
</testsuite> <!-- cucumberOptions.TestNGRunner -->
