<?xml version="1.0" encoding="UTF-8"?>
<!-- Generated by org.testng.reporters.JUnitReportReporter -->
<testsuite hostname="SLB-C6J0533" failures="0" tests="5" name="cucumberOptions.TestNGRunner" time="0.189" errors="0" timestamp="2024-12-15T11:41:21 IST" skipped="0">
  <testcase classname="cucumberOptions.TestNGRunner" name="runScenario" time="0.008"/>
  <testcase classname="cucumberOptions.TestNGRunner" name="runScenario" time="0.127"/>
  <testcase classname="cucumberOptions.TestNGRunner" name="runScenario" time="0.010"/>
  <testcase classname="cucumberOptions.TestNGRunner" name="runScenario" time="0.016"/>
  <testcase classname="cucumberOptions.TestNGRunner" name="runScenario" time="0.028"/>
</testsuite> <!-- cucumberOptions.TestNGRunner -->
