<?xml version="1.0" encoding="UTF-8"?>
<!-- Generated by org.testng.reporters.JUnitReportReporter -->
<testsuite hostname="SLB-C6J0533" failures="0" tests="3" name="cucumberOptions.TestNGRunner" time="0.239" errors="0" timestamp="2024-12-15T14:00:22 IST" skipped="0">
  <testcase classname="cucumberOptions.TestNGRunner" name="runScenario" time="0.011"/>
  <testcase classname="cucumberOptions.TestNGRunner" name="runScenario" time="0.215"/>
  <testcase classname="cucumberOptions.TestNGRunner" name="runScenario" time="0.013"/>
</testsuite> <!-- cucumberOptions.TestNGRunner -->
